
=== Tue Oct  8 19:38:55 2019

Packages were changed.
Update Mode: resetToDefaultDependencies

The following packages were added:
  com.unity.textmeshpro@2.0.1
  com.unity.package-manager-ui@2.2.0
  com.unity.collab-proxy@1.2.16
  com.unity.ext.nunit@1.0.0
  com.unity.test-framework@1.0.13
  com.unity.timeline@1.1.0
  com.unity.ide.vscode@1.0.7
  com.unity.ide.rider@1.0.8
  com.unity.ugui@1.0.0
  com.unity.modules.ai@1.0.0
  com.unity.modules.animation@1.0.0
  com.unity.modules.androidjni@1.0.0
  com.unity.modules.assetbundle@1.0.0
  com.unity.modules.audio@1.0.0
  com.unity.modules.cloth@1.0.0
  com.unity.modules.director@1.0.0
  com.unity.modules.imageconversion@1.0.0
  com.unity.modules.imgui@1.0.0
  com.unity.modules.jsonserialize@1.0.0
  com.unity.modules.particlesystem@1.0.0
  com.unity.modules.physics@1.0.0
  com.unity.modules.physics2d@1.0.0
  com.unity.modules.screencapture@1.0.0
  com.unity.modules.terrain@1.0.0
  com.unity.modules.terrainphysics@1.0.0
  com.unity.modules.tilemap@1.0.0
  com.unity.modules.ui@1.0.0
  com.unity.modules.uielements@1.0.0
  com.unity.modules.umbra@1.0.0
  com.unity.modules.unityanalytics@1.0.0
  com.unity.modules.unitywebrequest@1.0.0
  com.unity.modules.unitywebrequestassetbundle@1.0.0
  com.unity.modules.unitywebrequestaudio@1.0.0
  com.unity.modules.unitywebrequesttexture@1.0.0
  com.unity.modules.unitywebrequestwww@1.0.0
  com.unity.modules.vehicles@1.0.0
  com.unity.modules.video@1.0.0
  com.unity.modules.vr@1.0.0
  com.unity.modules.wind@1.0.0
  com.unity.modules.xr@1.0.0

=== Sun Dec  8 20:33:03 2019

Packages were changed.
Update Mode: updateDependencies

The following packages were updated:
  com.unity.ide.rider from version 1.0.8 to 1.1.0
  com.unity.ide.vscode from version 1.0.7 to 1.1.3
  com.unity.render-pipelines.lightweight from version 6.9.1 to 7.1.5
  com.unity.test-framework from version 1.0.18 to 1.1.3
  com.unity.timeline from version 1.1.0 to 1.2.6
The following packages were removed:
  com.unity.package-manager-ui@2.2.0

=== Tue Feb 11 19:43:59 2020

Packages were changed.
Update Mode: updateDependencies

The following packages were updated:
  com.unity.ide.rider from version 1.1.0 to 1.1.4
  com.unity.ide.vscode from version 1.1.3 to 1.1.4
  com.unity.postprocessing from version 2.2.2 to 2.3.0
  com.unity.render-pipelines.core from version 7.1.6 to 7.1.8
  com.unity.render-pipelines.lightweight from version 7.1.6 to 7.1.8
  com.unity.test-framework from version 1.1.3 to 1.1.9
  com.unity.timeline from version 1.2.6 to 1.2.10

=== Fri Mar 13 12:24:28 2020

Packages were changed.
Update Mode: updateDependencies

The following packages were updated:
  com.unity.timeline from version 1.2.10 to 1.2.12

=== Fri Apr 10 23:37:09 2020

Packages were changed.
Update Mode: updateDependencies

The following packages were updated:
  com.unity.render-pipelines.core from version 7.2.1 to 7.3.1
  com.unity.render-pipelines.lightweight from version 7.2.1 to 7.3.1
  com.unity.test-framework from version 1.1.11 to 1.1.13

=== Fri Apr 10 23:57:58 2020

Packages were changed.
Update Mode: updateDependencies

The following packages were updated:
  com.unity.render-pipelines.lightweight from version 7.2.1 to 7.3.1
  com.unity.test-framework from version 1.1.11 to 1.1.13

=== Fri Jun  5 16:15:59 2020

Packages were changed.
Update Mode: updateDependencies

The following packages were updated:
  com.unity.ide.vscode from version 1.1.4 to 1.2.0

=== Thu Aug 20 22:33:19 2020

Packages were changed.
Update Mode: updateDependencies

The following packages were added:
  com.unity.ide.visualstudio@2.0.2
The following packages were updated:
  com.unity.collab-proxy from version 1.2.16 to 1.3.8
  com.unity.ide.rider from version 1.1.4 to 1.2.1
  com.unity.ide.vscode from version 1.2.0 to 1.2.1
  com.unity.render-pipelines.core from version 7.3.1 to 8.2.0
  com.unity.render-pipelines.universal from version 7.3.1 to 8.2.0
  com.unity.textmeshpro from version 2.0.1 to 3.0.1
  com.unity.visualeffectgraph from version 7.3.1 to 8.2.0
